0 verbose cli /usr/local/bin/node /usr/local/bin/npm
1 info using npm@10.5.0
2 info using node@v20.12.2
3 timing npm:load:whichnode Completed in 2ms
4 timing config:load:defaults Completed in 2ms
5 timing config:load:file:/usr/local/lib/node_modules/npm/npmrc Completed in 1ms
6 timing config:load:builtin Completed in 1ms
7 timing config:load:cli Completed in 3ms
8 timing config:load:env Completed in 0ms
9 timing config:load:file:/Users/rammah/Desktop/projects/practice/kmds-gewoonte-opdracht/.npmrc Completed in 0ms
10 timing config:load:project Completed in 3ms
11 timing config:load:file:/Users/rammah/.npmrc Completed in 0ms
12 timing config:load:user Completed in 1ms
13 timing config:load:file:/usr/local/etc/npmrc Completed in 0ms
14 timing config:load:global Completed in 0ms
15 timing config:load:setEnvs Completed in 1ms
16 timing config:load Completed in 12ms
17 timing npm:load:configload Completed in 13ms
18 timing config:load:flatten Completed in 3ms
19 timing npm:load:mkdirpcache Completed in 0ms
20 timing npm:load:mkdirplogs Completed in 0ms
21 verbose title npm install
22 verbose argv "install" "--cache" "./.npm-cache"
23 timing npm:load:setTitle Completed in 1ms
24 timing npm:load:display Completed in 1ms
25 verbose logfile logs-max:10 dir:/Users/rammah/Desktop/projects/practice/kmds-gewoonte-opdracht/.npm-cache/_logs/2025-10-29T09_36_56_721Z-
26 verbose logfile /Users/rammah/Desktop/projects/practice/kmds-gewoonte-opdracht/.npm-cache/_logs/2025-10-29T09_36_56_721Z-debug-0.log
27 timing npm:load:logFile Completed in 11ms
28 timing npm:load:timers Completed in 0ms
29 timing npm:load:configScope Completed in 0ms
30 timing npm:load Completed in 57ms
31 timing arborist:ctor Completed in 1ms
32 silly logfile done cleaning log files
33 timing arborist:ctor Completed in 0ms
34 timing idealTree:init Completed in 11ms
35 timing idealTree:userRequests Completed in 0ms
36 silly idealTree buildDeps
37 silly fetch manifest framer-motion@^11.3.30
38 silly fetch manifest react@^18.3.1
39 silly fetch manifest react-dom@^18.3.1
40 silly fetch manifest @vitejs/plugin-react@^4.3.3
41 silly fetch manifest @types/react@^18.3.8
42 http fetch GET 200 https://registry.npmjs.org/@types%2freact 39ms (cache hit)
43 silly fetch manifest @types/react-dom@^18.3.0
44 http fetch GET 200 https://registry.npmjs.org/@types%2freact-dom 9ms (cache hit)
45 silly fetch manifest autoprefixer@^10.4.20
46 http fetch GET 200 https://registry.npmjs.org/autoprefixer 13ms (cache hit)
47 silly fetch manifest postcss@^8.4.47
48 http fetch GET 200 https://registry.npmjs.org/postcss 22ms (cache hit)
49 silly fetch manifest tailwindcss@^3.4.14
50 http fetch GET 200 https://registry.npmjs.org/tailwindcss 52ms (cache hit)
51 silly fetch manifest vite@^5.4.8
52 http fetch GET 200 https://registry.npmjs.org/vite 171ms (cache hit)
53 silly fetch manifest @types/node@^18.0.0 || >=20.0.0
54 http fetch GET 200 https://registry.npmjs.org/@types%2fnode 65ms (cache hit)
55 silly fetch manifest less@*
56 http fetch GET 200 https://registry.npmjs.org/less 22ms (cache hit)
57 silly fetch manifest lightningcss@^1.21.0
58 http fetch GET 200 https://registry.npmjs.org/lightningcss 9ms (cache hit)
59 silly fetch manifest sass@*
60 http fetch GET 200 https://registry.npmjs.org/sass 10ms (cache hit)
61 silly fetch manifest sass-embedded@*
62 http fetch GET 200 https://registry.npmjs.org/sass-embedded 8ms (cache hit)
63 silly fetch manifest stylus@*
64 http fetch GET 200 https://registry.npmjs.org/stylus 7ms (cache hit)
65 silly fetch manifest sugarss@*
66 http fetch GET 200 https://registry.npmjs.org/sugarss 25ms (cache hit)
67 silly fetch manifest terser@^5.4.0
68 http fetch GET 200 https://registry.npmjs.org/terser 9ms (cache hit)
69 silly placeDep ROOT @types/react@18.3.26 OK for: lunchwheel@0.1.0 want: ^18.3.8
70 silly placeDep ROOT @types/react-dom@18.3.7 OK for: lunchwheel@0.1.0 want: ^18.3.0
71 silly placeDep ROOT @vitejs/plugin-react@ OK for: lunchwheel@0.1.0 want: ^4.3.3
72 silly placeDep ROOT autoprefixer@10.4.21 OK for: lunchwheel@0.1.0 want: ^10.4.20
73 silly placeDep ROOT postcss@8.5.6 OK for: autoprefixer@10.4.21 want: ^8.1.0
74 silly placeDep ROOT framer-motion@ OK for: lunchwheel@0.1.0 want: ^11.3.30
75 silly placeDep ROOT react@ OK for: lunchwheel@0.1.0 want: ^18.3.1
76 silly placeDep ROOT react-dom@ OK for: lunchwheel@0.1.0 want: ^18.3.1
77 silly placeDep ROOT tailwindcss@3.4.18 OK for: lunchwheel@0.1.0 want: ^3.4.14
78 silly placeDep ROOT vite@5.4.21 OK for: lunchwheel@0.1.0 want: ^5.4.8
79 silly fetch manifest csstype@^3.0.2
80 silly fetch manifest @types/prop-types@*
81 silly fetch manifest picocolors@^1.1.1
82 silly fetch manifest fraction.js@^4.3.7
83 silly fetch manifest browserslist@^4.24.4
84 silly fetch manifest caniuse-lite@^1.0.30001702
85 silly fetch manifest normalize-range@^0.1.2
86 silly fetch manifest postcss-value-parser@^4.2.0
87 silly fetch manifest nanoid@^3.3.11
88 silly fetch manifest source-map-js@^1.2.1
89 http fetch GET 200 https://registry.npmjs.org/source-map-js 35ms (cache hit)
90 silly fetch manifest arg@^5.0.2
91 http fetch GET 200 https://registry.npmjs.org/postcss-value-parser 42ms (cache hit)
92 silly fetch manifest dlv@^1.1.3
93 http fetch GET 200 https://registry.npmjs.org/browserslist 53ms (cache hit)
94 silly fetch manifest jiti@^1.21.7
95 http fetch GET 200 https://registry.npmjs.org/normalize-range 59ms (cache hit)
96 silly fetch manifest is-glob@^4.0.3
97 http fetch GET 200 https://registry.npmjs.org/@types%2fprop-types 71ms (cache hit)
98 silly fetch manifest resolve@^1.22.8
99 http fetch GET 200 https://registry.npmjs.org/fraction.js 73ms (cache hit)
100 silly fetch manifest sucrase@^3.35.0
101 http fetch GET 200 https://registry.npmjs.org/picocolors 95ms (cache hit)
102 silly fetch manifest chokidar@^3.6.0
103 silly fetch manifest fast-glob@^3.3.2
104 http fetch GET 200 https://registry.npmjs.org/csstype 103ms (cache hit)
105 silly fetch manifest lilconfig@^3.1.3
106 http fetch GET 200 https://registry.npmjs.org/nanoid 101ms (cache hit)
107 silly fetch manifest didyoumean@^1.2.2
108 http fetch GET 200 https://registry.npmjs.org/caniuse-lite 123ms (cache hit)
109 silly fetch manifest micromatch@^4.0.8
110 http fetch GET 200 https://registry.npmjs.org/is-glob 120ms (cache hit)
111 silly fetch manifest postcss-js@^4.0.1
112 http fetch GET 200 https://registry.npmjs.org/jiti 127ms (cache hit)
113 silly fetch manifest glob-parent@^6.0.2
114 http fetch GET 200 https://registry.npmjs.org/resolve 131ms (cache hit)
115 silly fetch manifest object-hash@^3.0.0
116 http fetch GET 200 https://registry.npmjs.org/dlv 159ms (cache hit)
117 silly fetch manifest normalize-path@^3.0.0
118 http fetch GET 200 https://registry.npmjs.org/arg 166ms (cache hit)
119 silly fetch manifest postcss-import@^15.1.0
120 http fetch GET 200 https://registry.npmjs.org/sucrase 140ms (cache hit)
121 silly fetch manifest postcss-nested@^6.2.0
122 http fetch GET 200 https://registry.npmjs.org/fast-glob 136ms (cache hit)
123 silly fetch manifest @alloc/quick-lru@^5.2.0
124 http fetch GET 200 https://registry.npmjs.org/lilconfig 133ms (cache hit)
125 silly fetch manifest postcss-load-config@^4.0.2 || ^5.0 || ^6.0
126 http fetch GET 200 https://registry.npmjs.org/chokidar 155ms (cache hit)
127 silly fetch manifest postcss-selector-parser@^6.1.2
128 http fetch GET 200 https://registry.npmjs.org/micromatch 117ms (cache hit)
129 silly fetch manifest rollup@^4.20.0
130 http fetch GET 200 https://registry.npmjs.org/didyoumean 161ms (cache hit)
131 silly fetch manifest esbuild@^0.21.3
132 http fetch GET 200 https://registry.npmjs.org/postcss-js 132ms (cache hit)
133 silly fetch manifest fsevents@~2.3.3
134 http fetch GET 200 https://registry.npmjs.org/normalize-path 118ms (cache hit)
135 http fetch GET 200 https://registry.npmjs.org/glob-parent 133ms (cache hit)
136 http fetch GET 200 https://registry.npmjs.org/postcss-import 119ms (cache hit)
137 http fetch GET 200 https://registry.npmjs.org/postcss-load-config 94ms (cache hit)
138 http fetch GET 200 https://registry.npmjs.org/@alloc%2fquick-lru 109ms (cache hit)
139 http fetch GET 200 https://registry.npmjs.org/object-hash 142ms (cache hit)
140 http fetch GET 200 https://registry.npmjs.org/postcss-nested 126ms (cache hit)
141 http fetch GET 200 https://registry.npmjs.org/postcss-selector-parser 102ms (cache hit)
142 http fetch GET 200 https://registry.npmjs.org/esbuild 92ms (cache hit)
143 http fetch GET 200 https://registry.npmjs.org/rollup 146ms (cache hit)
144 http fetch GET 200 https://registry.npmjs.org/fsevents 270ms (cache hit)
145 timing idealTree:#root Completed in 282591ms
146 silly placeDep ROOT @types/prop-types@15.7.15 OK for: @types/react@18.3.26 want: *
147 silly placeDep ROOT csstype@3.1.3 OK for: @types/react@18.3.26 want: ^3.0.2
148 timing idealTree:node_modules/@types/react Completed in 12ms
149 timing idealTree:node_modules/@types/prop-types Completed in 0ms
150 timing idealTree:node_modules/@types/react-dom Completed in 0ms
151 timing idealTree:node_modules/@vitejs/plugin-react Completed in 0ms
152 silly placeDep ROOT browserslist@4.27.0 OK for: autoprefixer@10.4.21 want: ^4.24.4
153 silly placeDep ROOT caniuse-lite@1.0.30001751 OK for: autoprefixer@10.4.21 want: ^1.0.30001702
154 silly placeDep ROOT fraction.js@4.3.7 OK for: autoprefixer@10.4.21 want: ^4.3.7
155 silly placeDep ROOT normalize-range@0.1.2 OK for: autoprefixer@10.4.21 want: ^0.1.2
156 silly placeDep ROOT picocolors@1.1.1 OK for: autoprefixer@10.4.21 want: ^1.1.1
157 silly placeDep ROOT postcss-value-parser@4.2.0 OK for: autoprefixer@10.4.21 want: ^4.2.0
158 silly fetch manifest baseline-browser-mapping@^2.8.19
159 silly fetch manifest caniuse-lite@^1.0.30001751
160 silly fetch manifest electron-to-chromium@^1.5.238
161 silly fetch manifest node-releases@^2.0.26
162 silly fetch manifest update-browserslist-db@^1.1.4
163 http fetch GET 200 https://registry.npmjs.org/update-browserslist-db 18ms (cache hit)
164 http fetch GET 200 https://registry.npmjs.org/node-releases 24ms (cache hit)
165 http fetch GET 200 https://registry.npmjs.org/baseline-browser-mapping 34ms (cache hit)
166 http fetch GET 200 https://registry.npmjs.org/electron-to-chromium 53ms (cache hit)
167 timing idealTree:node_modules/autoprefixer Completed in 160ms
168 silly fetch manifest browserslist@>= 4.21.0
169 silly placeDep ROOT baseline-browser-mapping@2.8.20 OK for: browserslist@4.27.0 want: ^2.8.19
170 silly placeDep ROOT electron-to-chromium@1.5.243 OK for: browserslist@4.27.0 want: ^1.5.238
171 silly placeDep ROOT node-releases@2.0.26 OK for: browserslist@4.27.0 want: ^2.0.26
172 silly placeDep ROOT update-browserslist-db@1.1.4 OK for: browserslist@4.27.0 want: ^1.1.4
173 silly fetch manifest escalade@^3.2.0
174 http fetch GET 200 https://registry.npmjs.org/escalade 7ms (cache hit)
175 timing idealTree:node_modules/browserslist Completed in 21ms
176 timing idealTree:node_modules/baseline-browser-mapping Completed in 0ms
177 timing idealTree:node_modules/caniuse-lite Completed in 0ms
178 timing idealTree:node_modules/csstype Completed in 0ms
179 timing idealTree:node_modules/electron-to-chromium Completed in 0ms
180 timing idealTree:node_modules/fraction.js Completed in 0ms
181 timing idealTree:node_modules/framer-motion Completed in 0ms
182 timing idealTree:node_modules/node-releases Completed in 0ms
183 timing idealTree:node_modules/normalize-range Completed in 0ms
184 timing idealTree:node_modules/picocolors Completed in 0ms
185 silly placeDep ROOT nanoid@3.3.11 OK for: postcss@8.5.6 want: ^3.3.11
186 silly placeDep ROOT source-map-js@1.2.1 OK for: postcss@8.5.6 want: ^1.2.1
187 timing idealTree:node_modules/postcss Completed in 4ms
188 timing idealTree:node_modules/nanoid Completed in 0ms
189 timing idealTree:node_modules/postcss-value-parser Completed in 0ms
190 timing idealTree:node_modules/react Completed in 0ms
191 timing idealTree:node_modules/react-dom Completed in 0ms
192 timing idealTree:node_modules/source-map-js Completed in 0ms
193 silly fetch manifest tsx@^4.8.1
194 http fetch GET 200 https://registry.npmjs.org/tsx 17ms (cache hit)
195 silly fetch manifest yaml@^2.4.2
196 http fetch GET 200 https://registry.npmjs.org/yaml 6ms (cache hit)
197 silly placeDep ROOT @alloc/quick-lru@5.2.0 OK for: tailwindcss@3.4.18 want: ^5.2.0
198 silly placeDep ROOT arg@5.0.2 OK for: tailwindcss@3.4.18 want: ^5.0.2
199 silly placeDep ROOT chokidar@3.6.0 OK for: tailwindcss@3.4.18 want: ^3.6.0
200 silly placeDep ROOT didyoumean@1.2.2 OK for: tailwindcss@3.4.18 want: ^1.2.2
201 silly placeDep ROOT dlv@1.1.3 OK for: tailwindcss@3.4.18 want: ^1.1.3
202 silly placeDep ROOT fast-glob@3.3.3 OK for: tailwindcss@3.4.18 want: ^3.3.2
203 silly placeDep ROOT glob-parent@6.0.2 OK for: tailwindcss@3.4.18 want: ^6.0.2
204 silly placeDep ROOT is-glob@4.0.3 OK for: tailwindcss@3.4.18 want: ^4.0.3
205 silly placeDep ROOT jiti@1.21.7 OK for: tailwindcss@3.4.18 want: ^1.21.7
206 silly placeDep ROOT lilconfig@3.1.3 OK for: tailwindcss@3.4.18 want: ^3.1.3
207 silly placeDep ROOT micromatch@4.0.8 OK for: tailwindcss@3.4.18 want: ^4.0.8
208 silly placeDep ROOT normalize-path@3.0.0 OK for: tailwindcss@3.4.18 want: ^3.0.0
209 silly placeDep ROOT object-hash@3.0.0 OK for: tailwindcss@3.4.18 want: ^3.0.0
210 silly placeDep ROOT postcss-import@15.1.0 OK for: tailwindcss@3.4.18 want: ^15.1.0
211 silly placeDep ROOT postcss-js@4.1.0 OK for: tailwindcss@3.4.18 want: ^4.0.1
212 silly placeDep ROOT postcss-load-config@6.0.1 OK for: tailwindcss@3.4.18 want: ^4.0.2 || ^5.0 || ^6.0
213 silly placeDep ROOT postcss-nested@6.2.0 OK for: tailwindcss@3.4.18 want: ^6.2.0
214 silly placeDep ROOT postcss-selector-parser@6.1.2 OK for: tailwindcss@3.4.18 want: ^6.1.2
215 silly placeDep ROOT resolve@1.22.11 OK for: tailwindcss@3.4.18 want: ^1.22.8
216 silly placeDep ROOT sucrase@3.35.0 OK for: tailwindcss@3.4.18 want: ^3.35.0
217 silly fetch manifest braces@~3.0.2
218 silly fetch manifest is-glob@~4.0.1
219 silly fetch manifest anymatch@~3.1.2
220 silly fetch manifest readdirp@~3.6.0
221 silly fetch manifest glob-parent@~5.1.2
222 silly fetch manifest is-binary-path@~2.1.0
223 silly fetch manifest normalize-path@~3.0.0
224 silly fetch manifest fsevents@~2.3.2
225 silly fetch manifest @nodelib/fs.stat@^2.0.2
226 silly fetch manifest @nodelib/fs.walk@^1.2.3
227 silly fetch manifest glob-parent@^5.1.2
228 silly fetch manifest merge2@^1.3.0
229 silly fetch manifest is-extglob@^2.1.1
230 silly fetch manifest braces@^3.0.3
231 silly fetch manifest picomatch@^2.3.1
232 silly fetch manifest resolve@^1.1.7
233 silly fetch manifest read-cache@^1.0.0
234 http fetch GET 200 https://registry.npmjs.org/anymatch 49ms (cache hit)
235 silly fetch manifest camelcase-css@^2.0.1
236 http fetch GET 200 https://registry.npmjs.org/@nodelib%2ffs.walk 50ms (cache hit)
237 silly fetch manifest postcss-selector-parser@^6.1.1
238 silly fetch manifest cssesc@^3.0.0
239 http fetch GET 200 https://registry.npmjs.org/readdirp 60ms (cache hit)
240 silly fetch manifest util-deprecate@^1.0.2
241 http fetch GET 200 https://registry.npmjs.org/braces 55ms (cache hit)
242 silly fetch manifest is-core-module@^2.16.1
243 http fetch GET 200 https://registry.npmjs.org/merge2 64ms (cache hit)
244 silly fetch manifest path-parse@^1.0.7
245 http fetch GET 200 https://registry.npmjs.org/braces 78ms (cache hit)
246 silly fetch manifest supports-preserve-symlinks-flag@^1.0.0
247 http fetch GET 200 https://registry.npmjs.org/is-extglob 74ms (cache hit)
248 silly fetch manifest @jridgewell/gen-mapping@^0.3.2
249 http fetch GET 200 https://registry.npmjs.org/is-binary-path 84ms (cache hit)
250 silly fetch manifest commander@^4.0.0
251 http fetch GET 200 https://registry.npmjs.org/@nodelib%2ffs.stat 90ms (cache hit)
252 silly fetch manifest glob@^10.3.10
253 http fetch GET 200 https://registry.npmjs.org/picomatch 86ms (cache hit)
254 silly fetch manifest lines-and-columns@^1.1.6
255 http fetch GET 200 https://registry.npmjs.org/read-cache 88ms (cache hit)
256 silly fetch manifest mz@^2.7.0
257 http fetch GET 200 https://registry.npmjs.org/util-deprecate 67ms (cache hit)
258 silly fetch manifest pirates@^4.0.1
259 http fetch GET 200 https://registry.npmjs.org/camelcase-css 83ms (cache hit)
260 silly fetch manifest ts-interface-checker@^0.1.9
261 http fetch GET 200 https://registry.npmjs.org/is-core-module 67ms (cache hit)
262 http fetch GET 200 https://registry.npmjs.org/path-parse 66ms (cache hit)
263 http fetch GET 200 https://registry.npmjs.org/supports-preserve-symlinks-flag 60ms (cache hit)
264 http fetch GET 200 https://registry.npmjs.org/cssesc 85ms (cache hit)
265 http fetch GET 200 https://registry.npmjs.org/mz 42ms (cache hit)
266 http fetch GET 200 https://registry.npmjs.org/commander 59ms (cache hit)
267 http fetch GET 200 https://registry.npmjs.org/@jridgewell%2fgen-mapping 69ms (cache hit)
268 http fetch GET 200 https://registry.npmjs.org/lines-and-columns 56ms (cache hit)
269 http fetch GET 200 https://registry.npmjs.org/glob 64ms (cache hit)
270 http fetch GET 200 https://registry.npmjs.org/pirates 44ms (cache hit)
271 http fetch GET 200 https://registry.npmjs.org/ts-interface-checker 44ms (cache hit)
272 timing idealTree:node_modules/tailwindcss Completed in 278ms
273 timing idealTree:node_modules/@alloc/quick-lru Completed in 0ms
274 timing idealTree:node_modules/arg Completed in 0ms
275 silly placeDep ROOT anymatch@3.1.3 OK for: chokidar@3.6.0 want: ~3.1.2
276 silly placeDep ROOT braces@3.0.3 OK for: chokidar@3.6.0 want: ~3.0.2
277 silly placeDep ROOT fsevents@2.3.3 OK for: chokidar@3.6.0 want: ~2.3.2
278 silly placeDep node_modules/chokidar glob-parent@5.1.2 OK for: chokidar@3.6.0 want: ~5.1.2
279 silly placeDep ROOT is-binary-path@2.1.0 OK for: chokidar@3.6.0 want: ~2.1.0
280 silly placeDep ROOT readdirp@3.6.0 OK for: chokidar@3.6.0 want: ~3.6.0
281 silly fetch manifest picomatch@^2.0.4
282 silly fetch manifest fill-range@^7.1.1
283 silly fetch manifest binary-extensions@^2.0.0
284 silly fetch manifest picomatch@^2.2.1
285 http fetch GET 200 https://registry.npmjs.org/fill-range 7ms (cache hit)
286 http fetch GET 200 https://registry.npmjs.org/binary-extensions 9ms (cache hit)
287 timing idealTree:node_modules/chokidar Completed in 25ms
288 silly placeDep ROOT picomatch@2.3.1 OK for: anymatch@3.1.3 want: ^2.0.4
289 timing idealTree:node_modules/anymatch Completed in 2ms
290 silly placeDep ROOT fill-range@7.1.1 OK for: braces@3.0.3 want: ^7.1.1
291 silly fetch manifest to-regex-range@^5.0.1
292 http fetch GET 200 https://registry.npmjs.org/to-regex-range 7ms (cache hit)
293 timing idealTree:node_modules/braces Completed in 12ms
294 timing idealTree:node_modules/didyoumean Completed in 0ms
295 timing idealTree:node_modules/dlv Completed in 0ms
296 silly placeDep ROOT @nodelib/fs.stat@2.0.5 OK for: fast-glob@3.3.3 want: ^2.0.2
297 silly placeDep ROOT @nodelib/fs.walk@1.2.8 OK for: fast-glob@3.3.3 want: ^1.2.3
298 silly placeDep node_modules/fast-glob glob-parent@5.1.2 OK for: fast-glob@3.3.3 want: ^5.1.2
299 silly placeDep ROOT merge2@1.4.1 OK for: fast-glob@3.3.3 want: ^1.3.0
300 silly fetch manifest fastq@^1.6.0
301 silly fetch manifest @nodelib/fs.scandir@2.1.5
302 http fetch GET 200 https://registry.npmjs.org/fastq 13ms (cache hit)
303 http fetch GET 200 https://registry.npmjs.org/@nodelib%2ffs.scandir 15ms (cache hit)
304 timing idealTree:node_modules/fast-glob Completed in 37ms
305 timing idealTree:node_modules/@nodelib/fs.stat Completed in 0ms
306 silly placeDep ROOT @nodelib/fs.scandir@2.1.5 OK for: @nodelib/fs.walk@1.2.8 want: 2.1.5
307 silly placeDep ROOT fastq@1.19.1 OK for: @nodelib/fs.walk@1.2.8 want: ^1.6.0
308 silly fetch manifest run-parallel@^1.1.9
309 silly fetch manifest reusify@^1.0.4
310 http fetch GET 200 https://registry.npmjs.org/reusify 19ms (cache hit)
311 http fetch GET 200 https://registry.npmjs.org/run-parallel 21ms (cache hit)
312 timing idealTree:node_modules/@nodelib/fs.walk Completed in 30ms
313 silly placeDep ROOT run-parallel@1.2.0 OK for: @nodelib/fs.scandir@2.1.5 want: ^1.1.9
314 silly fetch manifest queue-microtask@^1.2.2
315 http fetch GET 200 https://registry.npmjs.org/queue-microtask 6ms (cache hit)
316 timing idealTree:node_modules/@nodelib/fs.scandir Completed in 10ms
317 silly placeDep ROOT reusify@1.1.0 OK for: fastq@1.19.1 want: ^1.0.4
318 timing idealTree:node_modules/fastq Completed in 1ms
319 silly placeDep ROOT to-regex-range@5.0.1 OK for: fill-range@7.1.1 want: ^5.0.1
320 silly fetch manifest is-number@^7.0.0
321 http fetch GET 200 https://registry.npmjs.org/is-number 5ms (cache hit)
322 timing idealTree:node_modules/fill-range Completed in 8ms
323 timing idealTree:node_modules/fsevents Completed in 0ms
324 timing idealTree:node_modules/glob-parent Completed in 0ms
325 silly placeDep ROOT binary-extensions@2.3.0 OK for: is-binary-path@2.1.0 want: ^2.0.0
326 timing idealTree:node_modules/is-binary-path Completed in 1ms
327 timing idealTree:node_modules/binary-extensions Completed in 0ms
328 silly placeDep ROOT is-extglob@2.1.1 OK for: is-glob@4.0.3 want: ^2.1.1
329 timing idealTree:node_modules/is-glob Completed in 1ms
330 timing idealTree:node_modules/is-extglob Completed in 0ms
331 timing idealTree:node_modules/jiti Completed in 0ms
332 timing idealTree:node_modules/lilconfig Completed in 0ms
333 timing idealTree:node_modules/merge2 Completed in 0ms
334 timing idealTree:node_modules/micromatch Completed in 0ms
335 timing idealTree:node_modules/normalize-path Completed in 0ms
336 timing idealTree:node_modules/object-hash Completed in 0ms
337 timing idealTree:node_modules/picomatch Completed in 0ms
338 silly placeDep ROOT read-cache@1.0.0 OK for: postcss-import@15.1.0 want: ^1.0.0
339 silly fetch manifest pify@^2.3.0
340 http fetch GET 200 https://registry.npmjs.org/pify 6ms (cache hit)
341 timing idealTree:node_modules/postcss-import Completed in 10ms
342 silly placeDep ROOT camelcase-css@2.0.1 OK for: postcss-js@4.1.0 want: ^2.0.1
343 timing idealTree:node_modules/postcss-js Completed in 3ms
344 timing idealTree:node_modules/camelcase-css Completed in 0ms
345 timing idealTree:node_modules/postcss-load-config Completed in 0ms
346 timing idealTree:node_modules/postcss-nested Completed in 0ms
347 silly placeDep ROOT cssesc@3.0.0 OK for: postcss-selector-parser@6.1.2 want: ^3.0.0
348 silly placeDep ROOT util-deprecate@1.0.2 OK for: postcss-selector-parser@6.1.2 want: ^1.0.2
349 timing idealTree:node_modules/postcss-selector-parser Completed in 5ms
350 timing idealTree:node_modules/cssesc Completed in 0ms
351 silly placeDep ROOT pify@2.3.0 OK for: read-cache@1.0.0 want: ^2.3.0
352 timing idealTree:node_modules/read-cache Completed in 2ms
353 timing idealTree:node_modules/pify Completed in 1ms
354 timing idealTree:node_modules/readdirp Completed in 0ms
355 silly placeDep ROOT is-core-module@2.16.1 OK for: resolve@1.22.11 want: ^2.16.1
356 silly placeDep ROOT path-parse@1.0.7 OK for: resolve@1.22.11 want: ^1.0.7
357 silly placeDep ROOT supports-preserve-symlinks-flag@1.0.0 OK for: resolve@1.22.11 want: ^1.0.0
358 silly fetch manifest hasown@^2.0.2
359 http fetch GET 200 https://registry.npmjs.org/hasown 6ms (cache hit)
360 timing idealTree:node_modules/resolve Completed in 18ms
361 silly placeDep ROOT hasown@2.0.2 OK for: is-core-module@2.16.1 want: ^2.0.2
362 silly fetch manifest function-bind@^1.1.2
363 http fetch GET 200 https://registry.npmjs.org/function-bind 5ms (cache hit)
364 timing idealTree:node_modules/is-core-module Completed in 9ms
365 silly placeDep ROOT function-bind@1.1.2 OK for: hasown@2.0.2 want: ^1.1.2
366 timing idealTree:node_modules/hasown Completed in 2ms
367 timing idealTree:node_modules/function-bind Completed in 0ms
368 timing idealTree:node_modules/path-parse Completed in 0ms
369 timing idealTree:node_modules/reusify Completed in 0ms
370 silly placeDep ROOT queue-microtask@1.2.3 OK for: run-parallel@1.2.0 want: ^1.2.2
371 timing idealTree:node_modules/run-parallel Completed in 2ms
372 timing idealTree:node_modules/queue-microtask Completed in 0ms
373 silly placeDep ROOT @jridgewell/gen-mapping@0.3.13 OK for: sucrase@3.35.0 want: ^0.3.2
374 silly placeDep ROOT commander@4.1.1 OK for: sucrase@3.35.0 want: ^4.0.0
375 silly placeDep ROOT glob@10.4.5 OK for: sucrase@3.35.0 want: ^10.3.10
376 silly placeDep ROOT lines-and-columns@1.2.4 OK for: sucrase@3.35.0 want: ^1.1.6
377 silly placeDep ROOT mz@2.7.0 OK for: sucrase@3.35.0 want: ^2.7.0
378 silly placeDep ROOT pirates@4.0.7 OK for: sucrase@3.35.0 want: ^4.0.1
379 silly placeDep ROOT ts-interface-checker@0.1.13 OK for: sucrase@3.35.0 want: ^0.1.9
380 silly fetch manifest @jridgewell/sourcemap-codec@^1.5.0
381 silly fetch manifest @jridgewell/trace-mapping@^0.3.24
382 silly fetch manifest minipass@^7.1.2
383 silly fetch manifest jackspeak@^3.1.2
384 silly fetch manifest minimatch@^9.0.4
385 silly fetch manifest path-scurry@^1.11.1
386 silly fetch manifest foreground-child@^3.1.0
387 silly fetch manifest package-json-from-dist@^1.0.0
388 silly fetch manifest any-promise@^1.0.0
389 silly fetch manifest object-assign@^4.0.1
390 silly fetch manifest thenify-all@^1.0.0
391 http fetch GET 200 https://registry.npmjs.org/@jridgewell%2fsourcemap-codec 39ms (cache hit)
392 http fetch GET 200 https://registry.npmjs.org/jackspeak 37ms (cache hit)
393 http fetch GET 200 https://registry.npmjs.org/any-promise 34ms (cache hit)
394 http fetch GET 200 https://registry.npmjs.org/@jridgewell%2ftrace-mapping 49ms (cache hit)
395 http fetch GET 200 https://registry.npmjs.org/minipass 54ms (cache hit)
396 http fetch GET 200 https://registry.npmjs.org/path-scurry 65ms (cache hit)
397 http fetch GET 200 https://registry.npmjs.org/foreground-child 68ms (cache hit)
398 http fetch GET 200 https://registry.npmjs.org/minimatch 73ms (cache hit)
399 http fetch GET 200 https://registry.npmjs.org/package-json-from-dist 82ms (cache hit)
400 http fetch GET 200 https://registry.npmjs.org/thenify-all 79ms (cache hit)
401 http fetch GET 200 https://registry.npmjs.org/object-assign 83ms (cache hit)
402 timing idealTree:node_modules/sucrase Completed in 115ms
403 silly placeDep ROOT @jridgewell/sourcemap-codec@1.5.5 OK for: @jridgewell/gen-mapping@0.3.13 want: ^1.5.0
404 silly placeDep ROOT @jridgewell/trace-mapping@0.3.31 OK for: @jridgewell/gen-mapping@0.3.13 want: ^0.3.24
405 silly fetch manifest @jridgewell/resolve-uri@^3.1.0
406 http fetch GET 200 https://registry.npmjs.org/@jridgewell%2fresolve-uri 9ms (cache hit)
407 timing idealTree:node_modules/@jridgewell/gen-mapping Completed in 18ms
408 timing idealTree:node_modules/@jridgewell/sourcemap-codec Completed in 0ms
409 silly placeDep ROOT @jridgewell/resolve-uri@3.1.2 OK for: @jridgewell/trace-mapping@0.3.31 want: ^3.1.0
410 timing idealTree:node_modules/@jridgewell/trace-mapping Completed in 3ms
411 timing idealTree:node_modules/@jridgewell/resolve-uri Completed in 0ms
412 timing idealTree:node_modules/commander Completed in 0ms
413 silly placeDep ROOT foreground-child@3.3.1 OK for: glob@10.4.5 want: ^3.1.0
414 silly placeDep ROOT jackspeak@3.4.3 OK for: glob@10.4.5 want: ^3.1.2
415 silly placeDep ROOT minimatch@9.0.5 OK for: glob@10.4.5 want: ^9.0.4
416 silly placeDep ROOT minipass@7.1.2 OK for: glob@10.4.5 want: ^7.1.2
417 silly placeDep ROOT package-json-from-dist@1.0.1 OK for: glob@10.4.5 want: ^1.0.0
418 silly placeDep ROOT path-scurry@1.11.1 OK for: glob@10.4.5 want: ^1.11.1
419 silly fetch manifest cross-spawn@^7.0.6
420 silly fetch manifest signal-exit@^4.0.1
421 silly fetch manifest @isaacs/cliui@^8.0.2
422 silly fetch manifest @pkgjs/parseargs@^0.11.0
423 silly fetch manifest brace-expansion@^2.0.1
424 silly fetch manifest lru-cache@^10.2.0
425 http fetch GET 200 https://registry.npmjs.org/@isaacs%2fcliui 21ms (cache hit)
426 http fetch GET 200 https://registry.npmjs.org/brace-expansion 19ms (cache hit)
427 http fetch GET 200 https://registry.npmjs.org/cross-spawn 28ms (cache hit)
428 http fetch GET 200 https://registry.npmjs.org/@pkgjs%2fparseargs 27ms (cache hit)
429 http fetch GET 200 https://registry.npmjs.org/lru-cache 26ms (cache hit)
430 http fetch GET 200 https://registry.npmjs.org/signal-exit 40ms (cache hit)
431 timing idealTree:node_modules/glob Completed in 60ms
432 silly placeDep ROOT cross-spawn@7.0.6 OK for: foreground-child@3.3.1 want: ^7.0.6
433 silly placeDep ROOT signal-exit@4.1.0 OK for: foreground-child@3.3.1 want: ^4.0.1
434 silly fetch manifest which@^2.0.1
435 silly fetch manifest path-key@^3.1.0
436 silly fetch manifest shebang-command@^2.0.0
437 http fetch GET 200 https://registry.npmjs.org/shebang-command 16ms (cache hit)
438 http fetch GET 200 https://registry.npmjs.org/which 20ms (cache hit)
439 http fetch GET 200 https://registry.npmjs.org/path-key 22ms (cache hit)
440 timing idealTree:node_modules/foreground-child Completed in 28ms
441 silly placeDep ROOT path-key@3.1.1 OK for: cross-spawn@7.0.6 want: ^3.1.0
442 silly placeDep ROOT shebang-command@2.0.0 OK for: cross-spawn@7.0.6 want: ^2.0.0
443 silly placeDep ROOT which@2.0.2 OK for: cross-spawn@7.0.6 want: ^2.0.1
444 silly fetch manifest shebang-regex@^3.0.0
445 silly fetch manifest isexe@^2.0.0
446 http fetch GET 200 https://registry.npmjs.org/shebang-regex 9ms (cache hit)
447 http fetch GET 200 https://registry.npmjs.org/isexe 8ms (cache hit)
448 timing idealTree:node_modules/cross-spawn Completed in 18ms
449 silly placeDep ROOT @isaacs/cliui@8.0.2 OK for: jackspeak@3.4.3 want: ^8.0.2
450 silly placeDep ROOT @pkgjs/parseargs@0.11.0 OK for: jackspeak@3.4.3 want: ^0.11.0
451 silly fetch manifest string-width@^5.1.2
452 silly fetch manifest string-width-cjs@npm:string-width@^4.2.0
453 silly fetch manifest strip-ansi@^7.0.1
454 silly fetch manifest strip-ansi-cjs@npm:strip-ansi@^6.0.1
455 silly fetch manifest wrap-ansi@^8.1.0
456 silly fetch manifest wrap-ansi-cjs@npm:wrap-ansi@^7.0.0
457 http fetch GET 200 https://registry.npmjs.org/string-width 29ms (cache hit)
458 http fetch GET 200 https://registry.npmjs.org/strip-ansi 35ms (cache hit)
459 http fetch GET 200 https://registry.npmjs.org/strip-ansi 33ms (cache hit)
460 http fetch GET 200 https://registry.npmjs.org/string-width 40ms (cache hit)
461 http fetch GET 200 https://registry.npmjs.org/wrap-ansi 33ms (cache hit)
462 http fetch GET 200 https://registry.npmjs.org/wrap-ansi 36ms (cache hit)
463 timing idealTree:node_modules/jackspeak Completed in 51ms
464 silly placeDep ROOT string-width@5.1.2 OK for: @isaacs/cliui@8.0.2 want: ^5.1.2
465 silly placeDep ROOT string-width-cjs@4.2.3 OK for: @isaacs/cliui@8.0.2 want: npm:string-width@^4.2.0
466 silly placeDep ROOT strip-ansi@7.1.2 OK for: @isaacs/cliui@8.0.2 want: ^7.0.1
467 silly placeDep ROOT strip-ansi-cjs@6.0.1 OK for: @isaacs/cliui@8.0.2 want: npm:strip-ansi@^6.0.1
468 silly placeDep ROOT wrap-ansi@8.1.0 OK for: @isaacs/cliui@8.0.2 want: ^8.1.0
469 silly placeDep ROOT wrap-ansi-cjs@7.0.0 OK for: @isaacs/cliui@8.0.2 want: npm:wrap-ansi@^7.0.0
470 silly fetch manifest emoji-regex@^9.2.2
471 silly fetch manifest eastasianwidth@^0.2.0
472 silly fetch manifest strip-ansi@^6.0.1
473 silly fetch manifest emoji-regex@^8.0.0
474 silly fetch manifest is-fullwidth-code-point@^3.0.0
475 silly fetch manifest ansi-regex@^6.0.1
476 silly fetch manifest ansi-regex@^5.0.1
477 silly fetch manifest ansi-styles@^6.1.0
478 silly fetch manifest strip-ansi@^6.0.0
479 silly fetch manifest ansi-styles@^4.0.0
480 silly fetch manifest string-width@^4.1.0
481 http fetch GET 200 https://registry.npmjs.org/is-fullwidth-code-point 31ms (cache hit)
482 http fetch GET 200 https://registry.npmjs.org/ansi-styles 27ms (cache hit)
483 http fetch GET 200 https://registry.npmjs.org/ansi-regex 33ms (cache hit)
484 http fetch GET 200 https://registry.npmjs.org/ansi-styles 38ms (cache hit)
485 http fetch GET 200 https://registry.npmjs.org/emoji-regex 44ms (cache hit)
486 http fetch GET 200 https://registry.npmjs.org/ansi-regex 45ms (cache hit)
487 http fetch GET 200 https://registry.npmjs.org/emoji-regex 51ms (cache hit)
488 http fetch GET 200 https://registry.npmjs.org/eastasianwidth 52ms (cache hit)
489 timing idealTree:node_modules/@isaacs/cliui Completed in 62ms
490 timing idealTree:node_modules/@pkgjs/parseargs Completed in 1ms
491 timing idealTree:node_modules/lines-and-columns Completed in 0ms
492 silly placeDep ROOT brace-expansion@2.0.2 OK for: minimatch@9.0.5 want: ^2.0.1
493 silly fetch manifest balanced-match@^1.0.0
494 http fetch GET 200 https://registry.npmjs.org/balanced-match 5ms (cache hit)
495 timing idealTree:node_modules/minimatch Completed in 10ms
496 silly placeDep ROOT balanced-match@1.0.2 OK for: brace-expansion@2.0.2 want: ^1.0.0
497 timing idealTree:node_modules/brace-expansion Completed in 2ms
498 timing idealTree:node_modules/balanced-match Completed in 0ms
499 timing idealTree:node_modules/minipass Completed in 0ms
500 silly placeDep ROOT any-promise@1.3.0 OK for: mz@2.7.0 want: ^1.0.0
501 silly placeDep ROOT object-assign@4.1.1 OK for: mz@2.7.0 want: ^4.0.1
502 silly placeDep ROOT thenify-all@1.6.0 OK for: mz@2.7.0 want: ^1.0.0
503 silly fetch manifest thenify@>= 3.1.0 < 4
504 http fetch GET 200 https://registry.npmjs.org/thenify 7ms (cache hit)
505 timing idealTree:node_modules/mz Completed in 16ms
506 timing idealTree:node_modules/any-promise Completed in 0ms
507 timing idealTree:node_modules/object-assign Completed in 0ms
508 timing idealTree:node_modules/package-json-from-dist Completed in 0ms
509 timing idealTree:node_modules/path-key Completed in 0ms
510 silly placeDep ROOT lru-cache@10.4.3 OK for: path-scurry@1.11.1 want: ^10.2.0
511 timing idealTree:node_modules/path-scurry Completed in 2ms
512 timing idealTree:node_modules/lru-cache Completed in 0ms
513 timing idealTree:node_modules/pirates Completed in 0ms
514 silly placeDep ROOT shebang-regex@3.0.0 OK for: shebang-command@2.0.0 want: ^3.0.0
515 timing idealTree:node_modules/shebang-command Completed in 2ms
516 timing idealTree:node_modules/shebang-regex Completed in 0ms
517 timing idealTree:node_modules/signal-exit Completed in 0ms
518 silly placeDep ROOT eastasianwidth@0.2.0 OK for: string-width@5.1.2 want: ^0.2.0
519 silly placeDep ROOT emoji-regex@9.2.2 OK for: string-width@5.1.2 want: ^9.2.2
520 timing idealTree:node_modules/string-width Completed in 4ms
521 timing idealTree:node_modules/eastasianwidth Completed in 0ms
522 timing idealTree:node_modules/emoji-regex Completed in 0ms
523 silly placeDep node_modules/string-width-cjs emoji-regex@8.0.0 OK for: string-width@4.2.3 want: ^8.0.0
524 silly placeDep ROOT is-fullwidth-code-point@3.0.0 OK for: string-width@4.2.3 want: ^3.0.0
525 silly placeDep node_modules/string-width-cjs strip-ansi@6.0.1 OK for: string-width@4.2.3 want: ^6.0.1
526 timing idealTree:node_modules/string-width-cjs Completed in 7ms
527 timing idealTree:node_modules/is-fullwidth-code-point Completed in 0ms
528 silly placeDep ROOT ansi-regex@6.2.2 OK for: strip-ansi@7.1.2 want: ^6.0.1
529 timing idealTree:node_modules/strip-ansi Completed in 2ms
530 timing idealTree:node_modules/ansi-regex Completed in 0ms
531 silly placeDep node_modules/strip-ansi-cjs ansi-regex@5.0.1 OK for: strip-ansi@6.0.1 want: ^5.0.1
532 timing idealTree:node_modules/strip-ansi-cjs Completed in 4ms
533 timing idealTree:node_modules/supports-preserve-symlinks-flag Completed in 0ms
534 silly placeDep ROOT thenify@3.3.1 OK for: thenify-all@1.6.0 want: >= 3.1.0 < 4
535 timing idealTree:node_modules/thenify-all Completed in 3ms
536 timing idealTree:node_modules/thenify Completed in 0ms
537 silly placeDep ROOT is-number@7.0.0 OK for: to-regex-range@5.0.1 want: ^7.0.0
538 timing idealTree:node_modules/to-regex-range Completed in 4ms
539 timing idealTree:node_modules/is-number Completed in 0ms
540 timing idealTree:node_modules/ts-interface-checker Completed in 0ms
541 silly placeDep ROOT escalade@3.2.0 OK for: update-browserslist-db@1.1.4 want: ^3.2.0
542 timing idealTree:node_modules/update-browserslist-db Completed in 2ms
543 timing idealTree:node_modules/escalade Completed in 0ms
544 timing idealTree:node_modules/util-deprecate Completed in 0ms
545 silly placeDep ROOT esbuild@0.21.5 OK for: vite@5.4.21 want: ^0.21.3
546 silly placeDep ROOT rollup@4.52.5 OK for: vite@5.4.21 want: ^4.20.0
547 silly fetch manifest @esbuild/aix-ppc64@0.21.5
548 silly fetch manifest @esbuild/linux-arm@0.21.5
549 silly fetch manifest @esbuild/linux-x64@0.21.5
550 silly fetch manifest @esbuild/sunos-x64@0.21.5
551 silly fetch manifest @esbuild/win32-x64@0.21.5
552 silly fetch manifest @esbuild/darwin-x64@0.21.5
553 silly fetch manifest @esbuild/linux-ia32@0.21.5
554 silly fetch manifest @esbuild/netbsd-x64@0.21.5
555 silly fetch manifest @esbuild/win32-ia32@0.21.5
556 silly fetch manifest @esbuild/android-arm@0.21.5
557 silly fetch manifest @esbuild/android-x64@0.21.5
558 http fetch GET 200 https://registry.npmjs.org/@esbuild%2flinux-arm 50ms (cache hit)
559 silly fetch manifest @esbuild/freebsd-x64@0.21.5
560 http fetch GET 200 https://registry.npmjs.org/@esbuild%2fwin32-ia32 50ms (cache hit)
561 silly fetch manifest @esbuild/linux-arm64@0.21.5
562 http fetch GET 200 https://registry.npmjs.org/@esbuild%2fsunos-x64 59ms (cache hit)
563 silly fetch manifest @esbuild/linux-ppc64@0.21.5
564 http fetch GET 200 https://registry.npmjs.org/@esbuild%2fnetbsd-x64 59ms (cache hit)
565 silly fetch manifest @esbuild/linux-s390x@0.21.5
566 http fetch GET 200 https://registry.npmjs.org/@esbuild%2fwin32-x64 67ms (cache hit)
567 silly fetch manifest @esbuild/openbsd-x64@0.21.5
568 http fetch GET 200 https://registry.npmjs.org/@esbuild%2fdarwin-x64 70ms (cache hit)
569 silly fetch manifest @esbuild/win32-arm64@0.21.5
570 http fetch GET 200 https://registry.npmjs.org/@esbuild%2faix-ppc64 80ms (cache hit)
571 silly fetch manifest @esbuild/darwin-arm64@0.21.5
572 http fetch GET 200 https://registry.npmjs.org/@esbuild%2fandroid-x64 73ms (cache hit)
573 silly fetch manifest @esbuild/android-arm64@0.21.5
574 http fetch GET 200 https://registry.npmjs.org/@esbuild%2flinux-x64 88ms (cache hit)
575 silly fetch manifest @esbuild/freebsd-arm64@0.21.5
576 http fetch GET 200 https://registry.npmjs.org/@esbuild%2fandroid-arm 87ms (cache hit)
577 silly fetch manifest @esbuild/linux-loong64@0.21.5
578 http fetch GET 200 https://registry.npmjs.org/@esbuild%2flinux-ia32 95ms (cache hit)
579 silly fetch manifest @esbuild/linux-riscv64@0.21.5
580 http fetch GET 200 https://registry.npmjs.org/@esbuild%2ffreebsd-x64 77ms (cache hit)
581 silly fetch manifest @esbuild/linux-mips64el@0.21.5
582 http fetch GET 200 https://registry.npmjs.org/@esbuild%2fwin32-arm64 64ms (cache hit)
583 silly fetch manifest @types/estree@1.0.8
584 http fetch GET 200 https://registry.npmjs.org/@esbuild%2flinux-arm64 85ms (cache hit)
585 silly fetch manifest @rollup/rollup-darwin-arm64@4.52.5
586 http fetch GET 200 https://registry.npmjs.org/@esbuild%2flinux-ppc64 86ms (cache hit)
587 silly fetch manifest @rollup/rollup-android-arm64@4.52.5
588 http fetch GET 200 https://registry.npmjs.org/@esbuild%2fopenbsd-x64 92ms (cache hit)
589 silly fetch manifest @rollup/rollup-win32-arm64-msvc@4.52.5
590 http fetch GET 200 https://registry.npmjs.org/@esbuild%2fdarwin-arm64 89ms (cache hit)
591 silly fetch manifest @rollup/rollup-freebsd-arm64@4.52.5
592 http fetch GET 200 https://registry.npmjs.org/@esbuild%2flinux-s390x 106ms (cache hit)
593 silly fetch manifest @rollup/rollup-linux-arm64-gnu@4.52.5
594 http fetch GET 200 https://registry.npmjs.org/@esbuild%2fandroid-arm64 92ms (cache hit)
595 silly fetch manifest @rollup/rollup-linux-arm64-musl@4.52.5
596 http fetch GET 200 https://registry.npmjs.org/@esbuild%2ffreebsd-arm64 91ms (cache hit)
597 silly fetch manifest @rollup/rollup-android-arm-eabi@4.52.5
598 http fetch GET 200 https://registry.npmjs.org/@esbuild%2flinux-loong64 92ms (cache hit)
599 silly fetch manifest @rollup/rollup-linux-arm-gnueabihf@4.52.5
600 http fetch GET 200 https://registry.npmjs.org/@esbuild%2flinux-riscv64 94ms (cache hit)
601 silly fetch manifest @rollup/rollup-linux-arm-musleabihf@4.52.5
602 http fetch GET 200 https://registry.npmjs.org/@types%2festree 74ms (cache hit)
603 silly fetch manifest @rollup/rollup-win32-ia32-msvc@4.52.5
604 http fetch GET 200 https://registry.npmjs.org/@rollup%2frollup-freebsd-arm64 50ms (cache hit)
605 silly fetch manifest @rollup/rollup-linux-loong64-gnu@4.52.5
606 http fetch GET 200 https://registry.npmjs.org/@rollup%2frollup-darwin-arm64 79ms (cache hit)
607 silly fetch manifest @rollup/rollup-linux-riscv64-gnu@4.52.5
608 http fetch GET 200 https://registry.npmjs.org/@rollup%2frollup-win32-arm64-msvc 73ms (cache hit)
609 silly fetch manifest @rollup/rollup-linux-riscv64-musl@4.52.5
610 http fetch GET 200 https://registry.npmjs.org/@esbuild%2flinux-mips64el 148ms (cache hit)
611 silly fetch manifest @rollup/rollup-linux-ppc64-gnu@4.52.5
612 http fetch GET 200 https://registry.npmjs.org/@rollup%2frollup-android-arm64 241ms (cache hit)
613 silly fetch manifest @rollup/rollup-linux-s390x-gnu@4.52.5
614 http fetch GET 200 https://registry.npmjs.org/@rollup%2frollup-linux-arm64-gnu 238ms (cache hit)
615 silly fetch manifest @rollup/rollup-darwin-x64@4.52.5
616 http fetch GET 200 https://registry.npmjs.org/@rollup%2frollup-linux-arm64-musl 245ms (cache hit)
617 silly fetch manifest @rollup/rollup-win32-x64-gnu@4.52.5
618 http fetch GET 200 https://registry.npmjs.org/@rollup%2frollup-linux-arm-gnueabihf 240ms (cache hit)
619 silly fetch manifest @rollup/rollup-win32-x64-msvc@4.52.5
620 http fetch GET 200 https://registry.npmjs.org/@rollup%2frollup-linux-arm-musleabihf 247ms (cache hit)
621 silly fetch manifest @rollup/rollup-freebsd-x64@4.52.5
622 http fetch GET 200 https://registry.npmjs.org/@rollup%2frollup-android-arm-eabi 277ms (cache hit)
623 silly fetch manifest @rollup/rollup-linux-x64-gnu@4.52.5
624 http fetch GET 200 https://registry.npmjs.org/@rollup%2frollup-win32-ia32-msvc 267ms (cache hit)
625 silly fetch manifest @rollup/rollup-linux-x64-musl@4.52.5
626 http fetch GET 200 https://registry.npmjs.org/@rollup%2frollup-linux-riscv64-gnu 258ms (cache hit)
627 silly fetch manifest @rollup/rollup-openharmony-arm64@4.52.5
628 http fetch GET 200 https://registry.npmjs.org/@rollup%2frollup-linux-loong64-gnu 279ms (cache hit)
629 http fetch GET 200 https://registry.npmjs.org/@rollup%2frollup-linux-riscv64-musl 237ms (cache hit)
630 http fetch GET 200 https://registry.npmjs.org/@rollup%2frollup-win32-x64-gnu 75ms (cache hit)
631 http fetch GET 200 https://registry.npmjs.org/@rollup%2frollup-linux-ppc64-gnu 169ms (cache hit)
632 http fetch GET 200 https://registry.npmjs.org/@rollup%2frollup-linux-s390x-gnu 102ms (cache hit)
633 http fetch GET 200 https://registry.npmjs.org/@rollup%2frollup-darwin-x64 95ms (cache hit)
634 http fetch GET 200 https://registry.npmjs.org/@rollup%2frollup-win32-x64-msvc 85ms (cache hit)
635 http fetch GET 200 https://registry.npmjs.org/@rollup%2frollup-freebsd-x64 85ms (cache hit)
636 http fetch GET 200 https://registry.npmjs.org/@rollup%2frollup-linux-x64-gnu 72ms (cache hit)
637 http fetch GET 200 https://registry.npmjs.org/@rollup%2frollup-openharmony-arm64 55ms (cache hit)
638 http fetch GET 200 https://registry.npmjs.org/@rollup%2frollup-linux-x64-musl 63ms (cache hit)
639 timing idealTree:node_modules/vite Completed in 570ms
640 silly placeDep ROOT @esbuild/aix-ppc64@0.21.5 OK for: esbuild@0.21.5 want: 0.21.5
641 silly placeDep ROOT @esbuild/android-arm@0.21.5 OK for: esbuild@0.21.5 want: 0.21.5
642 silly placeDep ROOT @esbuild/android-arm64@0.21.5 OK for: esbuild@0.21.5 want: 0.21.5
643 silly placeDep ROOT @esbuild/android-x64@0.21.5 OK for: esbuild@0.21.5 want: 0.21.5
644 silly placeDep ROOT @esbuild/darwin-arm64@0.21.5 OK for: esbuild@0.21.5 want: 0.21.5
645 silly placeDep ROOT @esbuild/darwin-x64@0.21.5 OK for: esbuild@0.21.5 want: 0.21.5
646 silly placeDep ROOT @esbuild/freebsd-arm64@0.21.5 OK for: esbuild@0.21.5 want: 0.21.5
647 silly placeDep ROOT @esbuild/freebsd-x64@0.21.5 OK for: esbuild@0.21.5 want: 0.21.5
648 silly placeDep ROOT @esbuild/linux-arm@0.21.5 OK for: esbuild@0.21.5 want: 0.21.5
649 silly placeDep ROOT @esbuild/linux-arm64@0.21.5 OK for: esbuild@0.21.5 want: 0.21.5
650 silly placeDep ROOT @esbuild/linux-ia32@0.21.5 OK for: esbuild@0.21.5 want: 0.21.5
651 silly placeDep ROOT @esbuild/linux-loong64@0.21.5 OK for: esbuild@0.21.5 want: 0.21.5
652 silly placeDep ROOT @esbuild/linux-mips64el@0.21.5 OK for: esbuild@0.21.5 want: 0.21.5
653 silly placeDep ROOT @esbuild/linux-ppc64@0.21.5 OK for: esbuild@0.21.5 want: 0.21.5
654 silly placeDep ROOT @esbuild/linux-riscv64@0.21.5 OK for: esbuild@0.21.5 want: 0.21.5
655 silly placeDep ROOT @esbuild/linux-s390x@0.21.5 OK for: esbuild@0.21.5 want: 0.21.5
656 silly placeDep ROOT @esbuild/linux-x64@0.21.5 OK for: esbuild@0.21.5 want: 0.21.5
657 silly placeDep ROOT @esbuild/netbsd-x64@0.21.5 OK for: esbuild@0.21.5 want: 0.21.5
658 silly placeDep ROOT @esbuild/openbsd-x64@0.21.5 OK for: esbuild@0.21.5 want: 0.21.5
659 silly placeDep ROOT @esbuild/sunos-x64@0.21.5 OK for: esbuild@0.21.5 want: 0.21.5
660 silly placeDep ROOT @esbuild/win32-arm64@0.21.5 OK for: esbuild@0.21.5 want: 0.21.5
661 silly placeDep ROOT @esbuild/win32-ia32@0.21.5 OK for: esbuild@0.21.5 want: 0.21.5
662 silly placeDep ROOT @esbuild/win32-x64@0.21.5 OK for: esbuild@0.21.5 want: 0.21.5
663 timing idealTree:node_modules/esbuild Completed in 36ms
664 timing idealTree:node_modules/@esbuild/aix-ppc64 Completed in 0ms
665 timing idealTree:node_modules/@esbuild/android-arm Completed in 0ms
666 timing idealTree:node_modules/@esbuild/android-arm64 Completed in 0ms
667 timing idealTree:node_modules/@esbuild/android-x64 Completed in 0ms
668 timing idealTree:node_modules/@esbuild/darwin-arm64 Completed in 0ms
669 timing idealTree:node_modules/@esbuild/darwin-x64 Completed in 0ms
670 timing idealTree:node_modules/@esbuild/freebsd-arm64 Completed in 1ms
671 timing idealTree:node_modules/@esbuild/freebsd-x64 Completed in 0ms
672 timing idealTree:node_modules/@esbuild/linux-arm Completed in 0ms
673 timing idealTree:node_modules/@esbuild/linux-arm64 Completed in 0ms
674 timing idealTree:node_modules/@esbuild/linux-ia32 Completed in 0ms
675 timing idealTree:node_modules/@esbuild/linux-loong64 Completed in 0ms
676 timing idealTree:node_modules/@esbuild/linux-mips64el Completed in 0ms
677 timing idealTree:node_modules/@esbuild/linux-ppc64 Completed in 0ms
678 timing idealTree:node_modules/@esbuild/linux-riscv64 Completed in 0ms
679 timing idealTree:node_modules/@esbuild/linux-s390x Completed in 0ms
680 timing idealTree:node_modules/@esbuild/linux-x64 Completed in 0ms
681 timing idealTree:node_modules/@esbuild/netbsd-x64 Completed in 0ms
682 timing idealTree:node_modules/@esbuild/openbsd-x64 Completed in 0ms
683 timing idealTree:node_modules/@esbuild/sunos-x64 Completed in 0ms
684 timing idealTree:node_modules/@esbuild/win32-arm64 Completed in 0ms
685 timing idealTree:node_modules/@esbuild/win32-ia32 Completed in 0ms
686 timing idealTree:node_modules/@esbuild/win32-x64 Completed in 0ms
687 silly placeDep ROOT @rollup/rollup-android-arm-eabi@4.52.5 OK for: rollup@4.52.5 want: 4.52.5
688 silly placeDep ROOT @rollup/rollup-android-arm64@4.52.5 OK for: rollup@4.52.5 want: 4.52.5
689 silly placeDep ROOT @rollup/rollup-darwin-arm64@4.52.5 OK for: rollup@4.52.5 want: 4.52.5
690 silly placeDep ROOT @rollup/rollup-darwin-x64@4.52.5 OK for: rollup@4.52.5 want: 4.52.5
691 silly placeDep ROOT @rollup/rollup-freebsd-arm64@4.52.5 OK for: rollup@4.52.5 want: 4.52.5
692 silly placeDep ROOT @rollup/rollup-freebsd-x64@4.52.5 OK for: rollup@4.52.5 want: 4.52.5
693 silly placeDep ROOT @rollup/rollup-linux-arm-gnueabihf@4.52.5 OK for: rollup@4.52.5 want: 4.52.5
694 silly placeDep ROOT @rollup/rollup-linux-arm-musleabihf@4.52.5 OK for: rollup@4.52.5 want: 4.52.5
695 silly placeDep ROOT @rollup/rollup-linux-arm64-gnu@4.52.5 OK for: rollup@4.52.5 want: 4.52.5
696 silly placeDep ROOT @rollup/rollup-linux-arm64-musl@4.52.5 OK for: rollup@4.52.5 want: 4.52.5
697 silly placeDep ROOT @rollup/rollup-linux-loong64-gnu@4.52.5 OK for: rollup@4.52.5 want: 4.52.5
698 silly placeDep ROOT @rollup/rollup-linux-ppc64-gnu@4.52.5 OK for: rollup@4.52.5 want: 4.52.5
699 silly placeDep ROOT @rollup/rollup-linux-riscv64-gnu@4.52.5 OK for: rollup@4.52.5 want: 4.52.5
700 silly placeDep ROOT @rollup/rollup-linux-riscv64-musl@4.52.5 OK for: rollup@4.52.5 want: 4.52.5
701 silly placeDep ROOT @rollup/rollup-linux-s390x-gnu@4.52.5 OK for: rollup@4.52.5 want: 4.52.5
702 silly placeDep ROOT @rollup/rollup-linux-x64-gnu@4.52.5 OK for: rollup@4.52.5 want: 4.52.5
703 silly placeDep ROOT @rollup/rollup-linux-x64-musl@4.52.5 OK for: rollup@4.52.5 want: 4.52.5
704 silly placeDep ROOT @rollup/rollup-openharmony-arm64@4.52.5 OK for: rollup@4.52.5 want: 4.52.5
705 silly placeDep ROOT @rollup/rollup-win32-arm64-msvc@4.52.5 OK for: rollup@4.52.5 want: 4.52.5
706 silly placeDep ROOT @rollup/rollup-win32-ia32-msvc@4.52.5 OK for: rollup@4.52.5 want: 4.52.5
707 silly placeDep ROOT @rollup/rollup-win32-x64-gnu@4.52.5 OK for: rollup@4.52.5 want: 4.52.5
708 silly placeDep ROOT @rollup/rollup-win32-x64-msvc@4.52.5 OK for: rollup@4.52.5 want: 4.52.5
709 silly placeDep ROOT @types/estree@1.0.8 OK for: rollup@4.52.5 want: 1.0.8
710 timing idealTree:node_modules/rollup Completed in 33ms
711 timing idealTree:node_modules/@rollup/rollup-android-arm-eabi Completed in 0ms
712 timing idealTree:node_modules/@rollup/rollup-android-arm64 Completed in 0ms
713 timing idealTree:node_modules/@rollup/rollup-darwin-arm64 Completed in 0ms
714 timing idealTree:node_modules/@rollup/rollup-darwin-x64 Completed in 0ms
715 timing idealTree:node_modules/@rollup/rollup-freebsd-arm64 Completed in 0ms
716 timing idealTree:node_modules/@rollup/rollup-freebsd-x64 Completed in 0ms
717 timing idealTree:node_modules/@rollup/rollup-linux-arm-gnueabihf Completed in 0ms
718 timing idealTree:node_modules/@rollup/rollup-linux-arm-musleabihf Completed in 0ms
719 timing idealTree:node_modules/@rollup/rollup-linux-arm64-gnu Completed in 0ms
720 timing idealTree:node_modules/@rollup/rollup-linux-arm64-musl Completed in 0ms
721 timing idealTree:node_modules/@rollup/rollup-linux-loong64-gnu Completed in 0ms
722 timing idealTree:node_modules/@rollup/rollup-linux-ppc64-gnu Completed in 0ms
723 timing idealTree:node_modules/@rollup/rollup-linux-riscv64-gnu Completed in 0ms
724 timing idealTree:node_modules/@rollup/rollup-linux-riscv64-musl Completed in 0ms
725 timing idealTree:node_modules/@rollup/rollup-linux-s390x-gnu Completed in 0ms
726 timing idealTree:node_modules/@rollup/rollup-linux-x64-gnu Completed in 0ms
727 timing idealTree:node_modules/@rollup/rollup-linux-x64-musl Completed in 1ms
728 timing idealTree:node_modules/@rollup/rollup-openharmony-arm64 Completed in 0ms
729 timing idealTree:node_modules/@rollup/rollup-win32-arm64-msvc Completed in 0ms
730 timing idealTree:node_modules/@rollup/rollup-win32-ia32-msvc Completed in 0ms
731 timing idealTree:node_modules/@rollup/rollup-win32-x64-gnu Completed in 0ms
732 timing idealTree:node_modules/@rollup/rollup-win32-x64-msvc Completed in 0ms
733 timing idealTree:node_modules/@types/estree Completed in 0ms
734 silly placeDep ROOT isexe@2.0.0 OK for: which@2.0.2 want: ^2.0.0
735 timing idealTree:node_modules/which Completed in 2ms
736 timing idealTree:node_modules/isexe Completed in 0ms
737 silly placeDep ROOT ansi-styles@6.2.3 OK for: wrap-ansi@8.1.0 want: ^6.1.0
738 timing idealTree:node_modules/wrap-ansi Completed in 3ms
739 timing idealTree:node_modules/ansi-styles Completed in 0ms
740 silly placeDep node_modules/wrap-ansi-cjs ansi-styles@4.3.0 OK for: wrap-ansi@7.0.0 want: ^4.0.0
741 silly placeDep node_modules/wrap-ansi-cjs string-width@4.2.3 OK for: wrap-ansi@7.0.0 want: ^4.1.0
742 silly placeDep node_modules/wrap-ansi-cjs strip-ansi@6.0.1 OK for: wrap-ansi@7.0.0 want: ^6.0.0
743 silly fetch manifest color-convert@^2.0.1
744 http fetch GET 200 https://registry.npmjs.org/color-convert 5ms (cache hit)
745 timing idealTree:node_modules/wrap-ansi-cjs Completed in 22ms
746 timing idealTree:node_modules/chokidar/node_modules/glob-parent Completed in 0ms
747 timing idealTree:node_modules/fast-glob/node_modules/glob-parent Completed in 0ms
748 timing idealTree:node_modules/string-width-cjs/node_modules/emoji-regex Completed in 0ms
749 silly placeDep node_modules/string-width-cjs ansi-regex@5.0.1 OK for: strip-ansi@6.0.1 want: ^5.0.1
750 timing idealTree:node_modules/string-width-cjs/node_modules/strip-ansi Completed in 2ms
751 timing idealTree:node_modules/string-width-cjs/node_modules/ansi-regex Completed in 0ms
752 timing idealTree:node_modules/strip-ansi-cjs/node_modules/ansi-regex Completed in 0ms
753 silly placeDep ROOT color-convert@2.0.1 OK for: ansi-styles@4.3.0 want: ^2.0.1
754 silly fetch manifest color-name@~1.1.4
755 http fetch GET 200 https://registry.npmjs.org/color-name 5ms (cache hit)
756 timing idealTree:node_modules/wrap-ansi-cjs/node_modules/ansi-styles Completed in 8ms
757 silly placeDep ROOT color-name@1.1.4 OK for: color-convert@2.0.1 want: ~1.1.4
758 timing idealTree:node_modules/color-convert Completed in 1ms
759 timing idealTree:node_modules/color-name Completed in 0ms
760 silly placeDep node_modules/wrap-ansi-cjs emoji-regex@8.0.0 OK for: string-width@4.2.3 want: ^8.0.0
761 timing idealTree:node_modules/wrap-ansi-cjs/node_modules/string-width Completed in 2ms
762 timing idealTree:node_modules/wrap-ansi-cjs/node_modules/emoji-regex Completed in 0ms
763 silly placeDep node_modules/wrap-ansi-cjs ansi-regex@5.0.1 OK for: strip-ansi@6.0.1 want: ^5.0.1
764 timing idealTree:node_modules/wrap-ansi-cjs/node_modules/strip-ansi Completed in 1ms
765 timing idealTree:node_modules/wrap-ansi-cjs/node_modules/ansi-regex Completed in 0ms
766 timing idealTree:buildDeps Completed in 284354ms
767 timing idealTree:fixDepFlags Completed in 2ms
768 timing idealTree Completed in 284371ms
769 timing command:install Completed in 284465ms
770 verbose type system
771 verbose stack FetchError: request to https://registry.npmjs.org/@vitejs%2fplugin-react failed, reason: getaddrinfo ENOTFOUND registry.npmjs.org
771 verbose stack     at ClientRequest.<anonymous> (/usr/local/lib/node_modules/npm/node_modules/minipass-fetch/lib/index.js:130:14)
771 verbose stack     at ClientRequest.emit (node:events:518:28)
771 verbose stack     at _destroy (node:_http_client:880:13)
771 verbose stack     at onSocketNT (node:_http_client:900:5)
771 verbose stack     at process.processTicksAndRejections (node:internal/process/task_queues:83:21)
772 verbose cwd /Users/rammah/Desktop/projects/practice/kmds-gewoonte-opdracht
773 verbose Darwin 24.6.0
774 verbose node v20.12.2
775 verbose npm  v10.5.0
776 error code ENOTFOUND
777 error syscall getaddrinfo
778 error errno ENOTFOUND
779 error network request to https://registry.npmjs.org/@vitejs%2fplugin-react failed, reason: getaddrinfo ENOTFOUND registry.npmjs.org
780 error network This is a problem related to network connectivity.
780 error network In most cases you are behind a proxy or have bad network settings.
780 error network
780 error network If you are behind a proxy, please make sure that the
780 error network 'proxy' config is set properly.  See: 'npm help config'
781 verbose exit 1
782 timing npm Completed in 284772ms
783 verbose unfinished npm timer reify 1761730617027
784 verbose unfinished npm timer reify:loadTrees 1761730617119
785 verbose code 1
786 error A complete log of this run can be found in: /Users/rammah/Desktop/projects/practice/kmds-gewoonte-opdracht/.npm-cache/_logs/2025-10-29T09_36_56_721Z-debug-0.log
